<?xml version="1.0" encoding="UTF-8"?>
<testsuite name="models.SquadTest" tests="7" skipped="0" failures="0" errors="0" timestamp="2021-12-15T06:45:44" hostname="fiona-ThinkPad-T460s" time="0.016">
  <properties/>
  <testcase name="SquadInstantiatesWithName_true" classname="models.SquadTest" time="0.012"/>
  <testcase name="NewSquadObjectGetsCorrectlyCreated_true" classname="models.SquadTest" time="0.001"/>
  <testcase name="findReturnsCorrectSquadWhenMoreThanOneSquadExists" classname="models.SquadTest" time="0.0"/>
  <testcase name="AllSquadAreCorrectlyReturned_true" classname="models.SquadTest" time="0.0"/>
  <testcase name="AllSquadsContainsAllSquads_true" classname="models.SquadTest" time="0.0"/>
  <testcase name="getId_squadInstantiateWithAnID_1" classname="models.SquadTest" time="0.0"/>
  <testcase name="SquadInstantiatesWithCause_true" classname="models.SquadTest" time="0.0"/>
  <system-out><![CDATA[]]></system-out>
  <system-err><![CDATA[]]></system-err>
</testsuite>
